<?xml version="1.0" encoding="UTF-8"?>
<!-- Generated by org.testng.reporters.JUnitReportReporter -->
<testsuite hostname="Uncodemy" failures="0" tests="1" name="day1.Classes" time="17.436" errors="0" timestamp="2024-02-04T15:51:27 IST" skipped="0">
  <testcase classname="day1.Classes" name="loginPage" time="17.436"/>
  <system-out/>
</testsuite> <!-- day1.Classes -->
